{"C:\\Users\\mbattaloglu\\Desktop\\test\\ts-test\\src\\tree\\index.ts": {"path":"C:\\Users\\mbattaloglu\\Desktop\\test\\ts-test\\src\\tree\\index.ts","statementMap":{"0":{"start":{"line":2,"column":0},"end":{"line":2,"column":33}},"1":{"start":{"line":3,"column":0},"end":{"line":3,"column":69}},"2":{"start":{"line":4,"column":0},"end":{"line":4,"column":47}},"3":{"start":{"line":5,"column":0},"end":{"line":5,"column":34}},"4":{"start":{"line":6,"column":0},"end":{"line":6,"column":34}},"5":{"start":{"line":10,"column":15},"end":{"line":10,"column":65}},"6":{"start":{"line":10,"column":49},"end":{"line":10,"column":65}},"7":{"start":{"line":12,"column":16},"end":{"line":23,"column":1}},"8":{"start":{"line":13,"column":16},"end":{"line":13,"column":29}},"9":{"start":{"line":14,"column":2},"end":{"line":16,"column":null}},"10":{"start":{"line":15,"column":4},"end":{"line":15,"column":54}},"11":{"start":{"line":18,"column":2},"end":{"line":20,"column":null}},"12":{"start":{"line":19,"column":4},"end":{"line":19,"column":42}},"13":{"start":{"line":22,"column":2},"end":{"line":22,"column":14}},"14":{"start":{"line":31,"column":15},"end":{"line":38,"column":2}},"15":{"start":{"line":31,"column":56},"end":{"line":38,"column":2}},"16":{"start":{"line":35,"column":18},"end":{"line":35,"column":39}},"17":{"start":{"line":40,"column":23},"end":{"line":43,"column":null}},"18":{"start":{"line":41,"column":2},"end":{"line":43,"column":null}},"19":{"start":{"line":42,"column":18},"end":{"line":42,"column":39}},"20":{"start":{"line":40,"column":13},"end":{"line":40,"column":23}},"21":{"start":{"line":49,"column":16},"end":{"line":49,"column":19}},"22":{"start":{"line":50,"column":25},"end":{"line":79,"column":1}},"23":{"start":{"line":51,"column":2},"end":{"line":78,"column":4}},"24":{"start":{"line":53,"column":26},"end":{"line":53,"column":48}},"25":{"start":{"line":55,"column":6},"end":{"line":73,"column":8}},"26":{"start":{"line":57,"column":35},"end":{"line":57,"column":51}},"27":{"start":{"line":59,"column":10},"end":{"line":59,"column":64}},"28":{"start":{"line":59,"column":30},"end":{"line":59,"column":63}},"29":{"start":{"line":61,"column":26},"end":{"line":65,"column":10}},"30":{"start":{"line":67,"column":10},"end":{"line":71,"column":12}},"31":{"start":{"line":77,"column":30},"end":{"line":77,"column":34}},"32":{"start":{"line":50,"column":13},"end":{"line":50,"column":25}},"33":{"start":{"line":81,"column":13},"end":{"line":112,"column":2}},"34":{"start":{"line":84,"column":26},"end":{"line":84,"column":41}},"35":{"start":{"line":88,"column":27},"end":{"line":91,"column":6}},"36":{"start":{"line":90,"column":28},"end":{"line":90,"column":58}},"37":{"start":{"line":92,"column":4},"end":{"line":92,"column":24}},"38":{"start":{"line":98,"column":4},"end":{"line":103,"column":null}},"39":{"start":{"line":99,"column":6},"end":{"line":102,"column":8}},"40":{"start":{"line":106,"column":4},"end":{"line":110,"column":6}},"41":{"start":{"line":109,"column":57},"end":{"line":109,"column":78}},"42":{"start":{"line":114,"column":19},"end":{"line":114,"column":75}},"43":{"start":{"line":114,"column":53},"end":{"line":114,"column":75}},"44":{"start":{"line":114,"column":66},"end":{"line":114,"column":75}},"45":{"start":{"line":114,"column":13},"end":{"line":114,"column":19}},"46":{"start":{"line":116,"column":31},"end":{"line":116,"column":75}},"47":{"start":{"line":116,"column":59},"end":{"line":116,"column":75}},"48":{"start":{"line":116,"column":13},"end":{"line":116,"column":31}},"49":{"start":{"line":121,"column":26},"end":{"line":122,"column":32}},"50":{"start":{"line":121,"column":43},"end":{"line":122,"column":32}},"51":{"start":{"line":122,"column":2},"end":{"line":122,"column":32}},"52":{"start":{"line":121,"column":13},"end":{"line":121,"column":26}},"53":{"start":{"line":124,"column":65},"end":{"line":132,"column":null}},"54":{"start":{"line":128,"column":4},"end":{"line":131,"column":14}},"55":{"start":{"line":128,"column":31},"end":{"line":128,"column":74}},"56":{"start":{"line":135,"column":21},"end":{"line":165,"column":1}},"57":{"start":{"line":143,"column":23},"end":{"line":143,"column":60}},"58":{"start":{"line":143,"column":39},"end":{"line":143,"column":59}},"59":{"start":{"line":144,"column":2},"end":{"line":164,"column":null}},"60":{"start":{"line":145,"column":4},"end":{"line":145,"column":26}},"61":{"start":{"line":147,"column":4},"end":{"line":163,"column":6}},"62":{"start":{"line":149,"column":8},"end":{"line":161,"column":null}},"63":{"start":{"line":157,"column":30},"end":{"line":157,"column":45}},"64":{"start":{"line":135,"column":13},"end":{"line":135,"column":21}},"65":{"start":{"line":167,"column":13},"end":{"line":175,"column":2}}},"fnMap":{"0":{"name":"(anonymous_6)","decl":{"start":{"line":10,"column":15},"end":{"line":10,"column":16}},"loc":{"start":{"line":10,"column":49},"end":{"line":10,"column":65}}},"1":{"name":"(anonymous_7)","decl":{"start":{"line":12,"column":16},"end":{"line":12,"column":17}},"loc":{"start":{"line":12,"column":70},"end":{"line":23,"column":1}}},"2":{"name":"(anonymous_8)","decl":{"start":{"line":31,"column":15},"end":{"line":31,"column":16}},"loc":{"start":{"line":31,"column":56},"end":{"line":38,"column":2}}},"3":{"name":"(anonymous_9)","decl":{"start":{"line":35,"column":4},"end":{"line":35,"column":5}},"loc":{"start":{"line":35,"column":18},"end":{"line":35,"column":39}}},"4":{"name":"(anonymous_10)","decl":{"start":{"line":40,"column":23},"end":{"line":40,"column":24}},"loc":{"start":{"line":41,"column":2},"end":{"line":43,"column":null}}},"5":{"name":"(anonymous_11)","decl":{"start":{"line":42,"column":4},"end":{"line":42,"column":5}},"loc":{"start":{"line":42,"column":18},"end":{"line":42,"column":39}}},"6":{"name":"(anonymous_12)","decl":{"start":{"line":50,"column":25},"end":{"line":50,"column":26}},"loc":{"start":{"line":50,"column":56},"end":{"line":79,"column":1}}},"7":{"name":"(anonymous_13)","decl":{"start":{"line":53,"column":16},"end":{"line":53,"column":17}},"loc":{"start":{"line":53,"column":26},"end":{"line":53,"column":48}}},"8":{"name":"(anonymous_14)","decl":{"start":{"line":54,"column":19},"end":{"line":54,"column":20}},"loc":{"start":{"line":54,"column":36},"end":{"line":74,"column":5}}},"9":{"name":"(anonymous_15)","decl":{"start":{"line":57,"column":24},"end":{"line":57,"column":25}},"loc":{"start":{"line":57,"column":35},"end":{"line":57,"column":51}}},"10":{"name":"(anonymous_16)","decl":{"start":{"line":58,"column":14},"end":{"line":58,"column":15}},"loc":{"start":{"line":59,"column":10},"end":{"line":59,"column":64}}},"11":{"name":"(anonymous_17)","decl":{"start":{"line":59,"column":20},"end":{"line":59,"column":21}},"loc":{"start":{"line":59,"column":30},"end":{"line":59,"column":63}}},"12":{"name":"(anonymous_18)","decl":{"start":{"line":61,"column":14},"end":{"line":61,"column":15}},"loc":{"start":{"line":61,"column":26},"end":{"line":65,"column":10}}},"13":{"name":"(anonymous_19)","decl":{"start":{"line":66,"column":14},"end":{"line":66,"column":17}},"loc":{"start":{"line":67,"column":10},"end":{"line":71,"column":12}}},"14":{"name":"(anonymous_20)","decl":{"start":{"line":77,"column":16},"end":{"line":77,"column":17}},"loc":{"start":{"line":77,"column":30},"end":{"line":77,"column":34}}},"15":{"name":"(anonymous_21)","decl":{"start":{"line":84,"column":8},"end":{"line":84,"column":9}},"loc":{"start":{"line":84,"column":26},"end":{"line":84,"column":41}}},"16":{"name":"(anonymous_22)","decl":{"start":{"line":87,"column":9},"end":{"line":87,"column":10}},"loc":{"start":{"line":87,"column":25},"end":{"line":93,"column":3}}},"17":{"name":"(anonymous_23)","decl":{"start":{"line":90,"column":17},"end":{"line":90,"column":18}},"loc":{"start":{"line":90,"column":28},"end":{"line":90,"column":58}}},"18":{"name":"(anonymous_24)","decl":{"start":{"line":95,"column":8},"end":{"line":95,"column":9}},"loc":{"start":{"line":95,"column":25},"end":{"line":111,"column":3}}},"19":{"name":"(anonymous_25)","decl":{"start":{"line":109,"column":49},"end":{"line":109,"column":50}},"loc":{"start":{"line":109,"column":57},"end":{"line":109,"column":78}}},"20":{"name":"(anonymous_26)","decl":{"start":{"line":114,"column":19},"end":{"line":114,"column":42}},"loc":{"start":{"line":114,"column":53},"end":{"line":114,"column":75}}},"21":{"name":"(anonymous_27)","decl":{"start":{"line":114,"column":53},"end":{"line":114,"column":54}},"loc":{"start":{"line":114,"column":66},"end":{"line":114,"column":75}}},"22":{"name":"(anonymous_28)","decl":{"start":{"line":116,"column":31},"end":{"line":116,"column":35}},"loc":{"start":{"line":116,"column":59},"end":{"line":116,"column":75}}},"23":{"name":"(anonymous_29)","decl":{"start":{"line":121,"column":26},"end":{"line":121,"column":30}},"loc":{"start":{"line":121,"column":43},"end":{"line":122,"column":32}}},"24":{"name":"(anonymous_30)","decl":{"start":{"line":121,"column":43},"end":{"line":121,"column":44}},"loc":{"start":{"line":122,"column":2},"end":{"line":122,"column":32}}},"25":{"name":"(anonymous_31)","decl":{"start":{"line":127,"column":8},"end":{"line":127,"column":9}},"loc":{"start":{"line":128,"column":4},"end":{"line":131,"column":14}}},"26":{"name":"(anonymous_32)","decl":{"start":{"line":128,"column":16},"end":{"line":128,"column":17}},"loc":{"start":{"line":128,"column":31},"end":{"line":128,"column":74}}},"27":{"name":"(anonymous_33)","decl":{"start":{"line":135,"column":21},"end":{"line":135,"column":22}},"loc":{"start":{"line":135,"column":67},"end":{"line":165,"column":1}}},"28":{"name":"(anonymous_34)","decl":{"start":{"line":143,"column":32},"end":{"line":143,"column":33}},"loc":{"start":{"line":143,"column":39},"end":{"line":143,"column":59}}},"29":{"name":"(anonymous_35)","decl":{"start":{"line":148,"column":14},"end":{"line":148,"column":15}},"loc":{"start":{"line":148,"column":20},"end":{"line":161,"column":null}}},"30":{"name":"(anonymous_36)","decl":{"start":{"line":157,"column":16},"end":{"line":157,"column":17}},"loc":{"start":{"line":157,"column":30},"end":{"line":157,"column":45}}}},"branchMap":{"0":{"loc":{"start":{"line":14,"column":2},"end":{"line":16,"column":null}},"type":"if","locations":[{"start":{"line":14,"column":2},"end":{"line":16,"column":null}}]},"1":{"loc":{"start":{"line":18,"column":2},"end":{"line":20,"column":null}},"type":"if","locations":[{"start":{"line":18,"column":2},"end":{"line":20,"column":null}}]},"2":{"loc":{"start":{"line":33,"column":8},"end":{"line":33,"column":55}},"type":"cond-expr","locations":[{"start":{"line":33,"column":38},"end":{"line":33,"column":46}},{"start":{"line":33,"column":49},"end":{"line":33,"column":55}}]},"3":{"loc":{"start":{"line":98,"column":4},"end":{"line":103,"column":null}},"type":"if","locations":[{"start":{"line":98,"column":4},"end":{"line":103,"column":null}}]},"4":{"loc":{"start":{"line":98,"column":8},"end":{"line":98,"column":65}},"type":"binary-expr","locations":[{"start":{"line":98,"column":8},"end":{"line":98,"column":33}},{"start":{"line":98,"column":37},"end":{"line":98,"column":65}}]},"5":{"loc":{"start":{"line":144,"column":2},"end":{"line":164,"column":null}},"type":"if","locations":[{"start":{"line":144,"column":2},"end":{"line":164,"column":null}},{"start":{"line":146,"column":9},"end":{"line":164,"column":null}}]},"6":{"loc":{"start":{"line":148,"column":6},"end":{"line":162,"column":13}},"type":"cond-expr","locations":[{"start":{"line":162,"column":7},"end":{"line":162,"column":11}},{"start":{"line":162,"column":11},"end":{"line":162,"column":13}}]},"7":{"loc":{"start":{"line":148,"column":6},"end":{"line":162,"column":11}},"type":"binary-expr","locations":[{"start":{"line":148,"column":6},"end":{"line":162,"column":11}},{"start":{"line":162,"column":7},"end":{"line":162,"column":11}}]},"8":{"loc":{"start":{"line":149,"column":8},"end":{"line":161,"column":13}},"type":"cond-expr","locations":[{"start":{"line":150,"column":12},"end":{"line":160,"column":null}},{"start":{"line":161,"column":12},"end":{"line":161,"column":13}}]},"9":{"loc":{"start":{"line":153,"column":16},"end":{"line":155,"column":26}},"type":"cond-expr","locations":[{"start":{"line":154,"column":20},"end":{"line":154,"column":28}},{"start":{"line":155,"column":20},"end":{"line":155,"column":26}}]},"10":{"loc":{"start":{"line":153,"column":16},"end":{"line":153,"column":71}},"type":"binary-expr","locations":[{"start":{"line":153,"column":16},"end":{"line":153,"column":43}},{"start":{"line":153,"column":47},"end":{"line":153,"column":71}}]},"11":{"loc":{"start":{"line":153,"column":24},"end":{"line":153,"column":42}},"type":"cond-expr","locations":[{"start":{"line":153,"column":34},"end":{"line":153,"column":36}},{"start":{"line":153,"column":34},"end":{"line":153,"column":42}}]},"12":{"loc":{"start":{"line":153,"column":24},"end":{"line":153,"column":36}},"type":"binary-expr","locations":[{"start":{"line":153,"column":24},"end":{"line":153,"column":36}},{"start":{"line":153,"column":34},"end":{"line":153,"column":36}}]},"13":{"loc":{"start":{"line":153,"column":55},"end":{"line":153,"column":70}},"type":"cond-expr","locations":[{"start":{"line":153,"column":62},"end":{"line":153,"column":64}},{"start":{"line":153,"column":62},"end":{"line":153,"column":70}}]},"14":{"loc":{"start":{"line":153,"column":55},"end":{"line":153,"column":64}},"type":"binary-expr","locations":[{"start":{"line":153,"column":55},"end":{"line":153,"column":64}},{"start":{"line":153,"column":62},"end":{"line":153,"column":64}}]},"15":{"loc":{"start":{"line":156,"column":21},"end":{"line":158,"column":null}},"type":"cond-expr","locations":[{"start":{"line":156,"column":31},"end":{"line":156,"column":33}},{"start":{"line":156,"column":31},"end":{"line":158,"column":null}}]},"16":{"loc":{"start":{"line":156,"column":21},"end":{"line":156,"column":33}},"type":"binary-expr","locations":[{"start":{"line":156,"column":21},"end":{"line":156,"column":33}},{"start":{"line":156,"column":31},"end":{"line":156,"column":33}}]},"17":{"loc":{"start":{"line":158,"column":16},"end":{"line":158,"column":29}},"type":"cond-expr","locations":[{"start":{"line":158,"column":23},"end":{"line":158,"column":27}},{"start":{"line":158,"column":27},"end":{"line":158,"column":29}}]},"18":{"loc":{"start":{"line":158,"column":16},"end":{"line":158,"column":27}},"type":"binary-expr","locations":[{"start":{"line":158,"column":16},"end":{"line":158,"column":27}},{"start":{"line":158,"column":23},"end":{"line":158,"column":27}}]}},"s":{"0":1,"1":1,"2":1,"3":1,"4":1,"5":1,"6":5,"7":1,"8":0,"9":0,"10":0,"11":0,"12":0,"13":0,"14":1,"15":0,"16":0,"17":1,"18":0,"19":0,"20":1,"21":1,"22":1,"23":0,"24":0,"25":0,"26":0,"27":0,"28":0,"29":0,"30":0,"31":0,"32":1,"33":1,"34":0,"35":0,"36":0,"37":0,"38":0,"39":0,"40":0,"41":0,"42":1,"43":1,"44":5,"45":1,"46":1,"47":0,"48":1,"49":1,"50":0,"51":0,"52":1,"53":1,"54":5,"55":3,"56":1,"57":9,"58":7,"59":9,"60":6,"61":3,"62":4,"63":3,"64":1,"65":1},"f":{"0":5,"1":0,"2":0,"3":0,"4":0,"5":0,"6":0,"7":0,"8":0,"9":0,"10":0,"11":0,"12":0,"13":0,"14":0,"15":0,"16":0,"17":0,"18":0,"19":0,"20":1,"21":5,"22":0,"23":0,"24":0,"25":5,"26":3,"27":9,"28":7,"29":4,"30":3},"b":{"0":[0],"1":[0],"2":[0,0],"3":[0],"4":[0,0],"5":[6,3],"6":[3,0],"7":[3,3],"8":[3,1],"9":[3,0],"10":[3,0],"11":[0,3],"12":[3,3],"13":[0,0],"14":[0,0],"15":[0,3],"16":[3,3],"17":[2,1],"18":[3,3]}}
}
