TN:
SF:src\tree\index.ts
FN:10,(anonymous_6)
FN:12,(anonymous_7)
FN:31,(anonymous_8)
FN:35,(anonymous_9)
FN:40,(anonymous_10)
FN:42,(anonymous_11)
FN:50,(anonymous_12)
FN:53,(anonymous_13)
FN:54,(anonymous_14)
FN:57,(anonymous_15)
FN:58,(anonymous_16)
FN:59,(anonymous_17)
FN:61,(anonymous_18)
FN:66,(anonymous_19)
FN:77,(anonymous_20)
FN:84,(anonymous_21)
FN:87,(anonymous_22)
FN:90,(anonymous_23)
FN:95,(anonymous_24)
FN:109,(anonymous_25)
FN:114,(anonymous_26)
FN:114,(anonymous_27)
FN:116,(anonymous_28)
FN:121,(anonymous_29)
FN:121,(anonymous_30)
FN:127,(anonymous_31)
FN:128,(anonymous_32)
FN:135,(anonymous_33)
FN:143,(anonymous_34)
FN:148,(anonymous_35)
FN:157,(anonymous_36)
FNF:31
FNH:9
FNDA:5,(anonymous_6)
FNDA:0,(anonymous_7)
FNDA:0,(anonymous_8)
FNDA:0,(anonymous_9)
FNDA:0,(anonymous_10)
FNDA:0,(anonymous_11)
FNDA:0,(anonymous_12)
FNDA:0,(anonymous_13)
FNDA:0,(anonymous_14)
FNDA:0,(anonymous_15)
FNDA:0,(anonymous_16)
FNDA:0,(anonymous_17)
FNDA:0,(anonymous_18)
FNDA:0,(anonymous_19)
FNDA:0,(anonymous_20)
FNDA:0,(anonymous_21)
FNDA:0,(anonymous_22)
FNDA:0,(anonymous_23)
FNDA:0,(anonymous_24)
FNDA:0,(anonymous_25)
FNDA:1,(anonymous_26)
FNDA:5,(anonymous_27)
FNDA:0,(anonymous_28)
FNDA:0,(anonymous_29)
FNDA:0,(anonymous_30)
FNDA:5,(anonymous_31)
FNDA:3,(anonymous_32)
FNDA:9,(anonymous_33)
FNDA:7,(anonymous_34)
FNDA:4,(anonymous_35)
FNDA:3,(anonymous_36)
DA:2,1
DA:3,1
DA:4,1
DA:5,1
DA:6,1
DA:10,5
DA:12,1
DA:13,0
DA:14,0
DA:15,0
DA:18,0
DA:19,0
DA:22,0
DA:31,1
DA:35,0
DA:40,1
DA:41,0
DA:42,0
DA:49,1
DA:50,1
DA:51,0
DA:53,0
DA:55,0
DA:57,0
DA:59,0
DA:61,0
DA:67,0
DA:77,0
DA:81,1
DA:84,0
DA:88,0
DA:90,0
DA:92,0
DA:98,0
DA:99,0
DA:106,0
DA:109,0
DA:114,5
DA:116,1
DA:121,1
DA:122,0
DA:124,1
DA:128,5
DA:135,1
DA:143,9
DA:144,9
DA:145,6
DA:147,3
DA:149,4
DA:157,3
DA:167,1
LF:51
LH:25
BRDA:14,0,0,0
BRDA:18,1,0,0
BRDA:33,2,0,0
BRDA:33,2,1,0
BRDA:98,3,0,0
BRDA:98,4,0,0
BRDA:98,4,1,0
BRDA:144,5,0,6
BRDA:144,5,1,3
BRDA:148,6,0,3
BRDA:148,6,1,0
BRDA:148,7,0,3
BRDA:148,7,1,3
BRDA:149,8,0,3
BRDA:149,8,1,1
BRDA:153,9,0,3
BRDA:153,9,1,0
BRDA:153,10,0,3
BRDA:153,10,1,0
BRDA:153,11,0,0
BRDA:153,11,1,3
BRDA:153,12,0,3
BRDA:153,12,1,3
BRDA:153,13,0,0
BRDA:153,13,1,0
BRDA:153,14,0,0
BRDA:153,14,1,0
BRDA:156,15,0,0
BRDA:156,15,1,3
BRDA:156,16,0,3
BRDA:156,16,1,3
BRDA:158,17,0,2
BRDA:158,17,1,1
BRDA:158,18,0,3
BRDA:158,18,1,3
BRF:35
BRH:19
end_of_record
